SF:lib\src\domain\dtos\add_todo_dto.dart
DA:6,2
LF:1
LH:1
end_of_record
SF:lib\src\domain\entities\todo_entity.dart
DA:10,3
LF:1
LH:1
end_of_record
SF:lib\src\domain\usecases\add_todo_usecase.dart
DA:19,1
DA:23,1
DA:25,2
DA:26,1
DA:28,2
DA:29,1
DA:31,2
DA:36,2
DA:37,1
DA:42,2
LF:10
LH:10
end_of_record
SF:lib\src\external\datasources\todo_datasource.dart
DA:11,1
DA:13,1
DA:15,1
DA:16,2
DA:19,1
DA:21,1
LF:6
LH:6
end_of_record
SF:lib\src\external\mappers\todo_mapper.dart
DA:7,0
DA:9,1
DA:10,1
DA:11,2
DA:12,1
DA:13,1
DA:14,2
DA:15,2
DA:19,2
DA:20,2
DA:21,2
DA:22,2
DA:23,2
DA:24,4
DA:25,4
DA:26,2
DA:27,2
LF:17
LH:16
end_of_record
SF:lib\src\infra\repositories\todo_repository.dart
DA:10,1
DA:12,1
DA:15,2
DA:17,1
DA:20,1
LF:5
LH:5
end_of_record
